<?xml version="1.0" encoding="UTF-8"?>
<testsuite name="basicutilities.VoidUseOfNullTest" tests="1" skipped="0" failures="0" errors="0" timestamp="2018-12-28T07:04:37" hostname="LS--20161114EFM" time="0.005">
  <properties/>
  <testcase name="testOptional" classname="basicutilities.VoidUseOfNullTest" time="0.005"/>
  <system-out><![CDATA[true
]]></system-out>
  <system-err><![CDATA[]]></system-err>
</testsuite>
